{"/home/mahmoudkarsli/Apps/e3rbly-backend-updated/home/ubuntu/e3rbly-backend/server.js": {"path":"/home/mahmoudkarsli/Apps/e3rbly-backend-updated/home/ubuntu/e3rbly-backend/server.js","statementMap":{"0":{"start":{"line":1,"column":0},"end":{"line":1,"column":27}},"1":{"start":{"line":2,"column":16},"end":{"line":2,"column":34}},"2":{"start":{"line":3,"column":13},"end":{"line":3,"column":28}},"3":{"start":{"line":4,"column":13},"end":{"line":4,"column":28}},"4":{"start":{"line":7,"column":0},"end":{"line":7,"column":45}},"5":{"start":{"line":8,"column":0},"end":{"line":8,"column":73}},"6":{"start":{"line":9,"column":0},"end":{"line":9,"column":61}},"7":{"start":{"line":10,"column":0},"end":{"line":10,"column":93}},"8":{"start":{"line":13,"column":29},"end":{"line":13,"column":73}},"9":{"start":{"line":14,"column":24},"end":{"line":14,"column":63}},"10":{"start":{"line":15,"column":19},"end":{"line":15,"column":53}},"11":{"start":{"line":18,"column":12},"end":{"line":18,"column":21}},"12":{"start":{"line":21,"column":0},"end":{"line":21,"column":16}},"13":{"start":{"line":22,"column":0},"end":{"line":22,"column":24}},"14":{"start":{"line":23,"column":0},"end":{"line":23,"column":48}},"15":{"start":{"line":27,"column":0},"end":{"line":27,"column":47}},"16":{"start":{"line":29,"column":0},"end":{"line":29,"column":43}},"17":{"start":{"line":31,"column":0},"end":{"line":31,"column":33}},"18":{"start":{"line":35,"column":0},"end":{"line":47,"column":3}},"19":{"start":{"line":36,"column":19},"end":{"line":36,"column":52}},"20":{"start":{"line":37,"column":2},"end":{"line":46,"column":5}},"21":{"start":{"line":50,"column":0},"end":{"line":56,"column":3}},"22":{"start":{"line":51,"column":2},"end":{"line":55,"column":5}},"23":{"start":{"line":59,"column":0},"end":{"line":61,"column":3}},"24":{"start":{"line":60,"column":2},"end":{"line":60,"column":101}},"25":{"start":{"line":63,"column":0},"end":{"line":70,"column":3}},"26":{"start":{"line":64,"column":2},"end":{"line":64,"column":47}},"27":{"start":{"line":65,"column":2},"end":{"line":69,"column":5}},"28":{"start":{"line":73,"column":13},"end":{"line":73,"column":37}},"29":{"start":{"line":76,"column":0},"end":{"line":80,"column":3}},"30":{"start":{"line":77,"column":2},"end":{"line":77,"column":60}},"31":{"start":{"line":78,"column":2},"end":{"line":78,"column":75}},"32":{"start":{"line":79,"column":2},"end":{"line":79,"column":71}},"33":{"start":{"line":82,"column":0},"end":{"line":82,"column":21}}},"fnMap":{"0":{"name":"(anonymous_0)","decl":{"start":{"line":35,"column":13},"end":{"line":35,"column":14}},"loc":{"start":{"line":35,"column":27},"end":{"line":47,"column":1}},"line":35},"1":{"name":"(anonymous_1)","decl":{"start":{"line":50,"column":23},"end":{"line":50,"column":24}},"loc":{"start":{"line":50,"column":37},"end":{"line":56,"column":1}},"line":50},"2":{"name":"(anonymous_2)","decl":{"start":{"line":59,"column":8},"end":{"line":59,"column":9}},"loc":{"start":{"line":59,"column":28},"end":{"line":61,"column":1}},"line":59},"3":{"name":"(anonymous_3)","decl":{"start":{"line":63,"column":8},"end":{"line":63,"column":9}},"loc":{"start":{"line":63,"column":33},"end":{"line":70,"column":1}},"line":63},"4":{"name":"(anonymous_4)","decl":{"start":{"line":76,"column":28},"end":{"line":76,"column":29}},"loc":{"start":{"line":76,"column":34},"end":{"line":80,"column":1}},"line":76}},"branchMap":{"0":{"loc":{"start":{"line":8,"column":28},"end":{"line":8,"column":71}},"type":"binary-expr","locations":[{"start":{"line":8,"column":28},"end":{"line":8,"column":49}},{"start":{"line":8,"column":53},"end":{"line":8,"column":71}}],"line":8},"1":{"loc":{"start":{"line":9,"column":23},"end":{"line":9,"column":59}},"type":"binary-expr","locations":[{"start":{"line":9,"column":23},"end":{"line":9,"column":39}},{"start":{"line":9,"column":43},"end":{"line":9,"column":59}}],"line":9},"2":{"loc":{"start":{"line":10,"column":39},"end":{"line":10,"column":91}},"type":"cond-expr","locations":[{"start":{"line":10,"column":74},"end":{"line":10,"column":79}},{"start":{"line":10,"column":82},"end":{"line":10,"column":91}}],"line":10},"3":{"loc":{"start":{"line":36,"column":19},"end":{"line":36,"column":52}},"type":"binary-expr","locations":[{"start":{"line":36,"column":19},"end":{"line":36,"column":40}},{"start":{"line":36,"column":44},"end":{"line":36,"column":52}}],"line":36},"4":{"loc":{"start":{"line":52,"column":14},"end":{"line":52,"column":47}},"type":"binary-expr","locations":[{"start":{"line":52,"column":14},"end":{"line":52,"column":35}},{"start":{"line":52,"column":39},"end":{"line":52,"column":47}}],"line":52},"5":{"loc":{"start":{"line":68,"column":11},"end":{"line":68,"column":73}},"type":"cond-expr","locations":[{"start":{"line":68,"column":52},"end":{"line":68,"column":61}},{"start":{"line":68,"column":64},"end":{"line":68,"column":73}}],"line":68},"6":{"loc":{"start":{"line":73,"column":13},"end":{"line":73,"column":37}},"type":"binary-expr","locations":[{"start":{"line":73,"column":13},"end":{"line":73,"column":29}},{"start":{"line":73,"column":33},"end":{"line":73,"column":37}}],"line":73},"7":{"loc":{"start":{"line":78,"column":38},"end":{"line":78,"column":71}},"type":"binary-expr","locations":[{"start":{"line":78,"column":38},"end":{"line":78,"column":59}},{"start":{"line":78,"column":63},"end":{"line":78,"column":71}}],"line":78}},"s":{"0":1,"1":1,"2":1,"3":1,"4":1,"5":1,"6":1,"7":1,"8":1,"9":1,"10":1,"11":1,"12":1,"13":1,"14":1,"15":1,"16":1,"17":1,"18":1,"19":1,"20":1,"21":1,"22":0,"23":1,"24":0,"25":1,"26":0,"27":0,"28":1,"29":1,"30":1,"31":1,"32":1,"33":1},"f":{"0":1,"1":0,"2":0,"3":0,"4":1},"b":{"0":[1,0],"1":[1,0],"2":[1,0],"3":[1,0],"4":[0,0],"5":[0,0],"6":[1,0],"7":[1,0]},"_coverageSchema":"1a1c01bbd47fc00a2c39e90264f33305004495a9","hash":"216fa6ba811f6cbafe4b6089e41c12f969473125"}
,"/home/mahmoudkarsli/Apps/e3rbly-backend-updated/home/ubuntu/e3rbly-backend/src/controllers/arabicAnalysisController.js": {"path":"/home/mahmoudkarsli/Apps/e3rbly-backend-updated/home/ubuntu/e3rbly-backend/src/controllers/arabicAnalysisController.js","statementMap":{"0":{"start":{"line":1,"column":18},"end":{"line":1,"column":50}},"1":{"start":{"line":2,"column":26},"end":{"line":2,"column":61}},"2":{"start":{"line":6,"column":4},"end":{"line":6,"column":47}},"3":{"start":{"line":10,"column":26},"end":{"line":68,"column":1}},"4":{"start":{"line":11,"column":25},"end":{"line":11,"column":33}},"5":{"start":{"line":13,"column":2},"end":{"line":15,"column":3}},"6":{"start":{"line":14,"column":4},"end":{"line":14,"column":80}},"7":{"start":{"line":17,"column":17},"end":{"line":39,"column":27}},"8":{"start":{"line":41,"column":2},"end":{"line":67,"column":3}},"9":{"start":{"line":42,"column":31},"end":{"line":42,"column":80}},"10":{"start":{"line":45,"column":29},"end":{"line":45,"column":88}},"11":{"start":{"line":47,"column":4},"end":{"line":57,"column":5}},"12":{"start":{"line":48,"column":6},"end":{"line":51,"column":8}},"13":{"start":{"line":52,"column":6},"end":{"line":52,"column":60}},"14":{"start":{"line":53,"column":6},"end":{"line":56,"column":9}},"15":{"start":{"line":60,"column":4},"end":{"line":60,"column":36}},"16":{"start":{"line":63,"column":4},"end":{"line":63,"column":67}},"17":{"start":{"line":64,"column":4},"end":{"line":66,"column":81}},"18":{"start":{"line":71,"column":31},"end":{"line":127,"column":1}},"19":{"start":{"line":72,"column":41},"end":{"line":72,"column":49}},"20":{"start":{"line":75,"column":2},"end":{"line":79,"column":3}},"21":{"start":{"line":76,"column":4},"end":{"line":78,"column":91}},"22":{"start":{"line":84,"column":17},"end":{"line":95,"column":25}},"23":{"start":{"line":97,"column":2},"end":{"line":126,"column":3}},"24":{"start":{"line":99,"column":28},"end":{"line":99,"column":67}},"25":{"start":{"line":102,"column":29},"end":{"line":104,"column":6}},"26":{"start":{"line":106,"column":4},"end":{"line":116,"column":5}},"27":{"start":{"line":107,"column":8},"end":{"line":110,"column":12}},"28":{"start":{"line":111,"column":8},"end":{"line":111,"column":78}},"29":{"start":{"line":112,"column":8},"end":{"line":115,"column":13}},"30":{"start":{"line":119,"column":4},"end":{"line":119,"column":36}},"31":{"start":{"line":122,"column":4},"end":{"line":122,"column":72}},"32":{"start":{"line":123,"column":4},"end":{"line":125,"column":86}},"33":{"start":{"line":131,"column":37},"end":{"line":191,"column":1}},"34":{"start":{"line":132,"column":25},"end":{"line":132,"column":33}},"35":{"start":{"line":134,"column":2},"end":{"line":136,"column":3}},"36":{"start":{"line":135,"column":4},"end":{"line":135,"column":63}},"37":{"start":{"line":138,"column":17},"end":{"line":172,"column":1}},"38":{"start":{"line":174,"column":2},"end":{"line":190,"column":3}},"39":{"start":{"line":175,"column":24},"end":{"line":175,"column":63}},"40":{"start":{"line":178,"column":4},"end":{"line":180,"column":5}},"41":{"start":{"line":179,"column":6},"end":{"line":179,"column":50}},"42":{"start":{"line":182,"column":4},"end":{"line":182,"column":30}},"43":{"start":{"line":185,"column":4},"end":{"line":185,"column":47}},"44":{"start":{"line":186,"column":4},"end":{"line":189,"column":7}},"45":{"start":{"line":192,"column":0},"end":{"line":196,"column":2}}},"fnMap":{"0":{"name":"(anonymous_0)","decl":{"start":{"line":10,"column":26},"end":{"line":10,"column":27}},"loc":{"start":{"line":10,"column":46},"end":{"line":68,"column":1}},"line":10},"1":{"name":"(anonymous_1)","decl":{"start":{"line":71,"column":31},"end":{"line":71,"column":32}},"loc":{"start":{"line":71,"column":51},"end":{"line":127,"column":1}},"line":71},"2":{"name":"(anonymous_2)","decl":{"start":{"line":131,"column":37},"end":{"line":131,"column":38}},"loc":{"start":{"line":131,"column":57},"end":{"line":191,"column":1}},"line":131}},"branchMap":{"0":{"loc":{"start":{"line":13,"column":2},"end":{"line":15,"column":3}},"type":"if","locations":[{"start":{"line":13,"column":2},"end":{"line":15,"column":3}},{"start":{},"end":{}}],"line":13},"1":{"loc":{"start":{"line":47,"column":4},"end":{"line":57,"column":5}},"type":"if","locations":[{"start":{"line":47,"column":4},"end":{"line":57,"column":5}},{"start":{},"end":{}}],"line":47},"2":{"loc":{"start":{"line":75,"column":2},"end":{"line":79,"column":3}},"type":"if","locations":[{"start":{"line":75,"column":2},"end":{"line":79,"column":3}},{"start":{},"end":{}}],"line":75},"3":{"loc":{"start":{"line":75,"column":6},"end":{"line":75,"column":74}},"type":"binary-expr","locations":[{"start":{"line":75,"column":6},"end":{"line":75,"column":21}},{"start":{"line":75,"column":25},"end":{"line":75,"column":59}},{"start":{"line":75,"column":63},"end":{"line":75,"column":74}}],"line":75},"4":{"loc":{"start":{"line":106,"column":4},"end":{"line":116,"column":5}},"type":"if","locations":[{"start":{"line":106,"column":4},"end":{"line":116,"column":5}},{"start":{},"end":{}}],"line":106},"5":{"loc":{"start":{"line":134,"column":2},"end":{"line":136,"column":3}},"type":"if","locations":[{"start":{"line":134,"column":2},"end":{"line":136,"column":3}},{"start":{},"end":{}}],"line":134},"6":{"loc":{"start":{"line":178,"column":4},"end":{"line":180,"column":5}},"type":"if","locations":[{"start":{"line":178,"column":4},"end":{"line":180,"column":5}},{"start":{},"end":{}}],"line":178},"7":{"loc":{"start":{"line":178,"column":8},"end":{"line":178,"column":85}},"type":"binary-expr","locations":[{"start":{"line":178,"column":8},"end":{"line":178,"column":48}},{"start":{"line":178,"column":52},"end":{"line":178,"column":85}}],"line":178}},"s":{"0":1,"1":1,"2":1,"3":1,"4":1,"5":1,"6":1,"7":0,"8":0,"9":0,"10":0,"11":0,"12":0,"13":0,"14":0,"15":0,"16":0,"17":0,"18":1,"19":0,"20":0,"21":0,"22":0,"23":0,"24":0,"25":0,"26":0,"27":0,"28":0,"29":0,"30":0,"31":0,"32":0,"33":1,"34":0,"35":0,"36":0,"37":0,"38":0,"39":0,"40":0,"41":0,"42":0,"43":0,"44":0,"45":1},"f":{"0":1,"1":0,"2":0},"b":{"0":[1,0],"1":[0,0],"2":[0,0],"3":[0,0,0],"4":[0,0],"5":[0,0],"6":[0,0],"7":[0,0]},"_coverageSchema":"1a1c01bbd47fc00a2c39e90264f33305004495a9","hash":"da5fa0a825fe90e943f3cddeaa702103b49192ad"}
,"/home/mahmoudkarsli/Apps/e3rbly-backend-updated/home/ubuntu/e3rbly-backend/src/controllers/exercisesController.js": {"path":"/home/mahmoudkarsli/Apps/e3rbly-backend-updated/home/ubuntu/e3rbly-backend/src/controllers/exercisesController.js","statementMap":{"0":{"start":{"line":1,"column":18},"end":{"line":1,"column":50}},"1":{"start":{"line":2,"column":23},"end":{"line":2,"column":38}},"2":{"start":{"line":3,"column":26},"end":{"line":3,"column":61}},"3":{"start":{"line":7,"column":4},"end":{"line":7,"column":41}},"4":{"start":{"line":10,"column":33},"end":{"line":99,"column":1}},"5":{"start":{"line":11,"column":46},"end":{"line":11,"column":54}},"6":{"start":{"line":13,"column":2},"end":{"line":17,"column":3}},"7":{"start":{"line":14,"column":4},"end":{"line":16,"column":83}},"8":{"start":{"line":18,"column":2},"end":{"line":20,"column":3}},"9":{"start":{"line":19,"column":4},"end":{"line":19,"column":77}},"10":{"start":{"line":22,"column":17},"end":{"line":52,"column":1}},"11":{"start":{"line":54,"column":2},"end":{"line":98,"column":3}},"12":{"start":{"line":55,"column":23},"end":{"line":55,"column":72}},"13":{"start":{"line":59,"column":23},"end":{"line":59,"column":64}},"14":{"start":{"line":62,"column":33},"end":{"line":66,"column":7}},"15":{"start":{"line":62,"column":74},"end":{"line":66,"column":5}},"16":{"start":{"line":68,"column":28},"end":{"line":68,"column":63}},"17":{"start":{"line":71,"column":29},"end":{"line":71,"column":92}},"18":{"start":{"line":73,"column":4},"end":{"line":83,"column":5}},"19":{"start":{"line":74,"column":6},"end":{"line":77,"column":8}},"20":{"start":{"line":78,"column":6},"end":{"line":78,"column":52}},"21":{"start":{"line":79,"column":6},"end":{"line":82,"column":9}},"22":{"start":{"line":86,"column":27},"end":{"line":89,"column":7}},"23":{"start":{"line":86,"column":70},"end":{"line":89,"column":5}},"24":{"start":{"line":91,"column":4},"end":{"line":91,"column":44}},"25":{"start":{"line":94,"column":4},"end":{"line":94,"column":74}},"26":{"start":{"line":95,"column":4},"end":{"line":97,"column":80}},"27":{"start":{"line":102,"column":28},"end":{"line":176,"column":1}},"28":{"start":{"line":104,"column":4},"end":{"line":104,"column":12}},"29":{"start":{"line":106,"column":2},"end":{"line":117,"column":3}},"30":{"start":{"line":113,"column":4},"end":{"line":116,"column":7}},"31":{"start":{"line":119,"column":2},"end":{"line":121,"column":3}},"32":{"start":{"line":120,"column":4},"end":{"line":120,"column":82}},"33":{"start":{"line":123,"column":17},"end":{"line":147,"column":42}},"34":{"start":{"line":149,"column":2},"end":{"line":175,"column":3}},"35":{"start":{"line":150,"column":31},"end":{"line":150,"column":80}},"36":{"start":{"line":153,"column":29},"end":{"line":153,"column":90}},"37":{"start":{"line":155,"column":4},"end":{"line":165,"column":5}},"38":{"start":{"line":156,"column":8},"end":{"line":159,"column":12}},"39":{"start":{"line":160,"column":8},"end":{"line":160,"column":62}},"40":{"start":{"line":161,"column":8},"end":{"line":164,"column":13}},"41":{"start":{"line":168,"column":4},"end":{"line":168,"column":36}},"42":{"start":{"line":171,"column":4},"end":{"line":171,"column":69}},"43":{"start":{"line":172,"column":4},"end":{"line":174,"column":83}},"44":{"start":{"line":178,"column":0},"end":{"line":181,"column":2}}},"fnMap":{"0":{"name":"(anonymous_0)","decl":{"start":{"line":10,"column":33},"end":{"line":10,"column":34}},"loc":{"start":{"line":10,"column":53},"end":{"line":99,"column":1}},"line":10},"1":{"name":"(anonymous_1)","decl":{"start":{"line":62,"column":58},"end":{"line":62,"column":59}},"loc":{"start":{"line":62,"column":74},"end":{"line":66,"column":5}},"line":62},"2":{"name":"(anonymous_2)","decl":{"start":{"line":86,"column":63},"end":{"line":86,"column":64}},"loc":{"start":{"line":86,"column":70},"end":{"line":89,"column":5}},"line":86},"3":{"name":"(anonymous_3)","decl":{"start":{"line":102,"column":28},"end":{"line":102,"column":29}},"loc":{"start":{"line":102,"column":48},"end":{"line":176,"column":1}},"line":102}},"branchMap":{"0":{"loc":{"start":{"line":13,"column":2},"end":{"line":17,"column":3}},"type":"if","locations":[{"start":{"line":13,"column":2},"end":{"line":17,"column":3}},{"start":{},"end":{}}],"line":13},"1":{"loc":{"start":{"line":13,"column":6},"end":{"line":13,"column":44}},"type":"binary-expr","locations":[{"start":{"line":13,"column":6},"end":{"line":13,"column":17}},{"start":{"line":13,"column":21},"end":{"line":13,"column":34}},{"start":{"line":13,"column":38},"end":{"line":13,"column":44}}],"line":13},"2":{"loc":{"start":{"line":18,"column":2},"end":{"line":20,"column":3}},"type":"if","locations":[{"start":{"line":18,"column":2},"end":{"line":20,"column":3}},{"start":{},"end":{}}],"line":18},"3":{"loc":{"start":{"line":18,"column":6},"end":{"line":18,"column":29}},"type":"binary-expr","locations":[{"start":{"line":18,"column":6},"end":{"line":18,"column":15}},{"start":{"line":18,"column":19},"end":{"line":18,"column":29}}],"line":18},"4":{"loc":{"start":{"line":59,"column":36},"end":{"line":59,"column":62}},"type":"binary-expr","locations":[{"start":{"line":59,"column":36},"end":{"line":59,"column":56}},{"start":{"line":59,"column":60},"end":{"line":59,"column":62}}],"line":59},"5":{"loc":{"start":{"line":73,"column":4},"end":{"line":83,"column":5}},"type":"if","locations":[{"start":{"line":73,"column":4},"end":{"line":83,"column":5}},{"start":{},"end":{}}],"line":73},"6":{"loc":{"start":{"line":106,"column":2},"end":{"line":117,"column":3}},"type":"if","locations":[{"start":{"line":106,"column":2},"end":{"line":117,"column":3}},{"start":{},"end":{}}],"line":106},"7":{"loc":{"start":{"line":107,"column":4},"end":{"line":111,"column":17}},"type":"binary-expr","locations":[{"start":{"line":107,"column":4},"end":{"line":107,"column":15}},{"start":{"line":108,"column":4},"end":{"line":108,"column":17}},{"start":{"line":109,"column":4},"end":{"line":109,"column":28}},{"start":{"line":110,"column":4},"end":{"line":110,"column":18}},{"start":{"line":111,"column":4},"end":{"line":111,"column":17}}],"line":107},"8":{"loc":{"start":{"line":119,"column":2},"end":{"line":121,"column":3}},"type":"if","locations":[{"start":{"line":119,"column":2},"end":{"line":121,"column":3}},{"start":{},"end":{}}],"line":119},"9":{"loc":{"start":{"line":119,"column":6},"end":{"line":119,"column":53}},"type":"binary-expr","locations":[{"start":{"line":119,"column":6},"end":{"line":119,"column":32}},{"start":{"line":119,"column":36},"end":{"line":119,"column":53}}],"line":119},"10":{"loc":{"start":{"line":155,"column":4},"end":{"line":165,"column":5}},"type":"if","locations":[{"start":{"line":155,"column":4},"end":{"line":165,"column":5}},{"start":{},"end":{}}],"line":155}},"s":{"0":1,"1":1,"2":1,"3":1,"4":1,"5":1,"6":1,"7":0,"8":1,"9":0,"10":1,"11":1,"12":1,"13":1,"14":1,"15":3,"16":1,"17":1,"18":1,"19":1,"20":1,"21":1,"22":0,"23":0,"24":0,"25":0,"26":0,"27":1,"28":0,"29":0,"30":0,"31":0,"32":0,"33":0,"34":0,"35":0,"36":0,"37":0,"38":0,"39":0,"40":0,"41":0,"42":0,"43":0,"44":1},"f":{"0":1,"1":3,"2":0,"3":0},"b":{"0":[0,1],"1":[1,1,1],"2":[0,1],"3":[1,1],"4":[1,0],"5":[1,0],"6":[0,0],"7":[0,0,0,0,0],"8":[0,0],"9":[0,0],"10":[0,0]},"_coverageSchema":"1a1c01bbd47fc00a2c39e90264f33305004495a9","hash":"01ba755109bb695a0a01bb6c4ffb995482b91e4f"}
,"/home/mahmoudkarsli/Apps/e3rbly-backend-updated/home/ubuntu/e3rbly-backend/src/controllers/quizController.js": {"path":"/home/mahmoudkarsli/Apps/e3rbly-backend-updated/home/ubuntu/e3rbly-backend/src/controllers/quizController.js","statementMap":{"0":{"start":{"line":1,"column":18},"end":{"line":1,"column":50}},"1":{"start":{"line":2,"column":23},"end":{"line":2,"column":38}},"2":{"start":{"line":3,"column":37},"end":{"line":3,"column":70}},"3":{"start":{"line":7,"column":21},"end":{"line":83,"column":1}},"4":{"start":{"line":8,"column":47},"end":{"line":8,"column":55}},"5":{"start":{"line":10,"column":2},"end":{"line":14,"column":3}},"6":{"start":{"line":11,"column":4},"end":{"line":13,"column":84}},"7":{"start":{"line":15,"column":2},"end":{"line":17,"column":3}},"8":{"start":{"line":16,"column":4},"end":{"line":16,"column":86}},"9":{"start":{"line":19,"column":17},"end":{"line":41,"column":1}},"10":{"start":{"line":43,"column":2},"end":{"line":82,"column":3}},"11":{"start":{"line":44,"column":23},"end":{"line":44,"column":72}},"12":{"start":{"line":47,"column":23},"end":{"line":47,"column":54}},"13":{"start":{"line":48,"column":33},"end":{"line":51,"column":7}},"14":{"start":{"line":48,"column":68},"end":{"line":51,"column":5}},"15":{"start":{"line":52,"column":28},"end":{"line":52,"column":58}},"16":{"start":{"line":55,"column":29},"end":{"line":55,"column":80}},"17":{"start":{"line":57,"column":4},"end":{"line":67,"column":5}},"18":{"start":{"line":58,"column":6},"end":{"line":61,"column":8}},"19":{"start":{"line":62,"column":6},"end":{"line":62,"column":52}},"20":{"start":{"line":63,"column":6},"end":{"line":66,"column":9}},"21":{"start":{"line":70,"column":22},"end":{"line":73,"column":7}},"22":{"start":{"line":70,"column":59},"end":{"line":73,"column":5}},"23":{"start":{"line":75,"column":4},"end":{"line":75,"column":34}},"24":{"start":{"line":78,"column":4},"end":{"line":78,"column":62}},"25":{"start":{"line":79,"column":4},"end":{"line":81,"column":75}},"26":{"start":{"line":86,"column":23},"end":{"line":114,"column":1}},"27":{"start":{"line":87,"column":62},"end":{"line":87,"column":70}},"28":{"start":{"line":90,"column":2},"end":{"line":92,"column":3}},"29":{"start":{"line":91,"column":4},"end":{"line":91,"column":119}},"30":{"start":{"line":93,"column":2},"end":{"line":95,"column":3}},"31":{"start":{"line":94,"column":6},"end":{"line":94,"column":102}},"32":{"start":{"line":97,"column":20},"end":{"line":97,"column":58}},"33":{"start":{"line":98,"column":16},"end":{"line":98,"column":35}},"34":{"start":{"line":99,"column":19},"end":{"line":99,"column":62}},"35":{"start":{"line":101,"column":2},"end":{"line":113,"column":3}},"36":{"start":{"line":102,"column":4},"end":{"line":107,"column":7}},"37":{"start":{"line":109,"column":4},"end":{"line":109,"column":64}},"38":{"start":{"line":110,"column":4},"end":{"line":112,"column":82}},"39":{"start":{"line":116,"column":0},"end":{"line":119,"column":2}}},"fnMap":{"0":{"name":"(anonymous_0)","decl":{"start":{"line":7,"column":21},"end":{"line":7,"column":22}},"loc":{"start":{"line":7,"column":41},"end":{"line":83,"column":1}},"line":7},"1":{"name":"(anonymous_1)","decl":{"start":{"line":48,"column":53},"end":{"line":48,"column":54}},"loc":{"start":{"line":48,"column":68},"end":{"line":51,"column":5}},"line":48},"2":{"name":"(anonymous_2)","decl":{"start":{"line":70,"column":53},"end":{"line":70,"column":54}},"loc":{"start":{"line":70,"column":59},"end":{"line":73,"column":5}},"line":70},"3":{"name":"(anonymous_3)","decl":{"start":{"line":86,"column":23},"end":{"line":86,"column":24}},"loc":{"start":{"line":86,"column":43},"end":{"line":114,"column":1}},"line":86}},"branchMap":{"0":{"loc":{"start":{"line":10,"column":2},"end":{"line":14,"column":3}},"type":"if","locations":[{"start":{"line":10,"column":2},"end":{"line":14,"column":3}},{"start":{},"end":{}}],"line":10},"1":{"loc":{"start":{"line":10,"column":6},"end":{"line":10,"column":45}},"type":"binary-expr","locations":[{"start":{"line":10,"column":6},"end":{"line":10,"column":12}},{"start":{"line":10,"column":16},"end":{"line":10,"column":27}},{"start":{"line":10,"column":31},"end":{"line":10,"column":45}}],"line":10},"2":{"loc":{"start":{"line":15,"column":2},"end":{"line":17,"column":3}},"type":"if","locations":[{"start":{"line":15,"column":2},"end":{"line":17,"column":3}},{"start":{},"end":{}}],"line":15},"3":{"loc":{"start":{"line":15,"column":6},"end":{"line":15,"column":45}},"type":"binary-expr","locations":[{"start":{"line":15,"column":6},"end":{"line":15,"column":23}},{"start":{"line":15,"column":27},"end":{"line":15,"column":45}}],"line":15},"4":{"loc":{"start":{"line":47,"column":31},"end":{"line":47,"column":52}},"type":"binary-expr","locations":[{"start":{"line":47,"column":31},"end":{"line":47,"column":46}},{"start":{"line":47,"column":50},"end":{"line":47,"column":52}}],"line":47},"5":{"loc":{"start":{"line":57,"column":4},"end":{"line":67,"column":5}},"type":"if","locations":[{"start":{"line":57,"column":4},"end":{"line":67,"column":5}},{"start":{},"end":{}}],"line":57},"6":{"loc":{"start":{"line":90,"column":2},"end":{"line":92,"column":3}},"type":"if","locations":[{"start":{"line":90,"column":2},"end":{"line":92,"column":3}},{"start":{},"end":{}}],"line":90},"7":{"loc":{"start":{"line":90,"column":6},"end":{"line":90,"column":99}},"type":"binary-expr","locations":[{"start":{"line":90,"column":6},"end":{"line":90,"column":30}},{"start":{"line":90,"column":34},"end":{"line":90,"column":63}},{"start":{"line":90,"column":67},"end":{"line":90,"column":99}}],"line":90},"8":{"loc":{"start":{"line":93,"column":2},"end":{"line":95,"column":3}},"type":"if","locations":[{"start":{"line":93,"column":2},"end":{"line":95,"column":3}},{"start":{},"end":{}}],"line":93},"9":{"loc":{"start":{"line":93,"column":6},"end":{"line":93,"column":181}},"type":"binary-expr","locations":[{"start":{"line":93,"column":6},"end":{"line":93,"column":41}},{"start":{"line":93,"column":45},"end":{"line":93,"column":83}},{"start":{"line":93,"column":87},"end":{"line":93,"column":106}},{"start":{"line":93,"column":110},"end":{"line":93,"column":129}},{"start":{"line":93,"column":133},"end":{"line":93,"column":155}},{"start":{"line":93,"column":159},"end":{"line":93,"column":181}}],"line":93},"10":{"loc":{"start":{"line":98,"column":16},"end":{"line":98,"column":35}},"type":"cond-expr","locations":[{"start":{"line":98,"column":28},"end":{"line":98,"column":31}},{"start":{"line":98,"column":34},"end":{"line":98,"column":35}}],"line":98},"11":{"loc":{"start":{"line":99,"column":19},"end":{"line":99,"column":62}},"type":"cond-expr","locations":[{"start":{"line":99,"column":31},"end":{"line":99,"column":45}},{"start":{"line":99,"column":48},"end":{"line":99,"column":62}}],"line":99}},"s":{"0":1,"1":1,"2":1,"3":1,"4":1,"5":1,"6":0,"7":1,"8":0,"9":1,"10":1,"11":1,"12":1,"13":1,"14":5,"15":1,"16":1,"17":1,"18":0,"19":0,"20":0,"21":1,"22":5,"23":1,"24":0,"25":0,"26":1,"27":0,"28":0,"29":0,"30":0,"31":0,"32":0,"33":0,"34":0,"35":0,"36":0,"37":0,"38":0,"39":1},"f":{"0":1,"1":5,"2":5,"3":0},"b":{"0":[0,1],"1":[1,1,1],"2":[0,1],"3":[1,1],"4":[1,0],"5":[0,1],"6":[0,0],"7":[0,0,0],"8":[0,0],"9":[0,0,0,0,0,0],"10":[0,0],"11":[0,0]},"_coverageSchema":"1a1c01bbd47fc00a2c39e90264f33305004495a9","hash":"1bb9c8bef85d4bd19694667eaab00f48c541b49e"}
,"/home/mahmoudkarsli/Apps/e3rbly-backend-updated/home/ubuntu/e3rbly-backend/src/middleware/authMiddleware.js": {"path":"/home/mahmoudkarsli/Apps/e3rbly-backend-updated/home/ubuntu/e3rbly-backend/src/middleware/authMiddleware.js","statementMap":{"0":{"start":{"line":72,"column":14},"end":{"line":72,"column":39}},"1":{"start":{"line":73,"column":15},"end":{"line":73,"column":32}},"2":{"start":{"line":76,"column":0},"end":{"line":76,"column":16}},"3":{"start":{"line":79,"column":18},"end":{"line":79,"column":51}},"4":{"start":{"line":80,"column":0},"end":{"line":80,"column":46}},"5":{"start":{"line":84,"column":0},"end":{"line":94,"column":1}},"6":{"start":{"line":85,"column":2},"end":{"line":85,"column":70}},"7":{"start":{"line":87,"column":2},"end":{"line":87,"column":108}},"8":{"start":{"line":89,"column":2},"end":{"line":93,"column":3}},"9":{"start":{"line":90,"column":4},"end":{"line":90,"column":96}},"10":{"start":{"line":91,"column":4},"end":{"line":91,"column":98}},"11":{"start":{"line":92,"column":4},"end":{"line":92,"column":20}},"12":{"start":{"line":97,"column":26},"end":{"line":97,"column":31}},"13":{"start":{"line":98,"column":0},"end":{"line":116,"column":1}},"14":{"start":{"line":99,"column":2},"end":{"line":115,"column":3}},"15":{"start":{"line":100,"column":4},"end":{"line":109,"column":5}},"16":{"start":{"line":101,"column":6},"end":{"line":103,"column":9}},"17":{"start":{"line":104,"column":6},"end":{"line":104,"column":66}},"18":{"start":{"line":105,"column":6},"end":{"line":105,"column":33}},"19":{"start":{"line":107,"column":6},"end":{"line":107,"column":61}},"20":{"start":{"line":108,"column":6},"end":{"line":108,"column":33}},"21":{"start":{"line":111,"column":4},"end":{"line":111,"column":67}},"22":{"start":{"line":112,"column":4},"end":{"line":114,"column":5}},"23":{"start":{"line":113,"column":6},"end":{"line":113,"column":22}},"24":{"start":{"line":122,"column":26},"end":{"line":180,"column":1}},"25":{"start":{"line":123,"column":21},"end":{"line":123,"column":49}},"26":{"start":{"line":124,"column":16},"end":{"line":124,"column":54}},"27":{"start":{"line":127,"column":2},"end":{"line":127,"column":64}},"28":{"start":{"line":130,"column":2},"end":{"line":140,"column":3}},"29":{"start":{"line":131,"column":4},"end":{"line":139,"column":5}},"30":{"start":{"line":133,"column":6},"end":{"line":133,"column":108}},"31":{"start":{"line":134,"column":6},"end":{"line":134,"column":22}},"32":{"start":{"line":135,"column":6},"end":{"line":135,"column":20}},"33":{"start":{"line":138,"column":6},"end":{"line":138,"column":81}},"34":{"start":{"line":143,"column":2},"end":{"line":151,"column":3}},"35":{"start":{"line":144,"column":4},"end":{"line":150,"column":5}},"36":{"start":{"line":145,"column":6},"end":{"line":145,"column":123}},"37":{"start":{"line":146,"column":6},"end":{"line":146,"column":22}},"38":{"start":{"line":147,"column":6},"end":{"line":147,"column":20}},"39":{"start":{"line":149,"column":6},"end":{"line":149,"column":102}},"40":{"start":{"line":154,"column":2},"end":{"line":179,"column":3}},"41":{"start":{"line":155,"column":25},"end":{"line":155,"column":64}},"42":{"start":{"line":156,"column":4},"end":{"line":159,"column":6}},"43":{"start":{"line":160,"column":4},"end":{"line":160,"column":55}},"44":{"start":{"line":161,"column":4},"end":{"line":161,"column":11}},"45":{"start":{"line":163,"column":4},"end":{"line":163,"column":63}},"46":{"start":{"line":166,"column":4},"end":{"line":178,"column":5}},"47":{"start":{"line":167,"column":6},"end":{"line":167,"column":138}},"48":{"start":{"line":168,"column":6},"end":{"line":168,"column":22}},"49":{"start":{"line":169,"column":6},"end":{"line":169,"column":20}},"50":{"start":{"line":172,"column":6},"end":{"line":176,"column":7}},"51":{"start":{"line":173,"column":8},"end":{"line":173,"column":80}},"52":{"start":{"line":174,"column":13},"end":{"line":176,"column":7}},"53":{"start":{"line":175,"column":8},"end":{"line":175,"column":83}},"54":{"start":{"line":177,"column":6},"end":{"line":177,"column":90}},"55":{"start":{"line":182,"column":0},"end":{"line":182,"column":35}}},"fnMap":{"0":{"name":"(anonymous_0)","decl":{"start":{"line":122,"column":26},"end":{"line":122,"column":27}},"loc":{"start":{"line":122,"column":52},"end":{"line":180,"column":1}},"line":122}},"branchMap":{"0":{"loc":{"start":{"line":79,"column":18},"end":{"line":79,"column":51}},"type":"binary-expr","locations":[{"start":{"line":79,"column":18},"end":{"line":79,"column":39}},{"start":{"line":79,"column":43},"end":{"line":79,"column":51}}],"line":79},"1":{"loc":{"start":{"line":89,"column":2},"end":{"line":93,"column":3}},"type":"if","locations":[{"start":{"line":89,"column":2},"end":{"line":93,"column":3}},{"start":{},"end":{}}],"line":89},"2":{"loc":{"start":{"line":98,"column":0},"end":{"line":116,"column":1}},"type":"if","locations":[{"start":{"line":98,"column":0},"end":{"line":116,"column":1}},{"start":{},"end":{}}],"line":98},"3":{"loc":{"start":{"line":100,"column":4},"end":{"line":109,"column":5}},"type":"if","locations":[{"start":{"line":100,"column":4},"end":{"line":109,"column":5}},{"start":{"line":106,"column":11},"end":{"line":109,"column":5}}],"line":100},"4":{"loc":{"start":{"line":112,"column":4},"end":{"line":114,"column":5}},"type":"if","locations":[{"start":{"line":112,"column":4},"end":{"line":114,"column":5}},{"start":{},"end":{}}],"line":112},"5":{"loc":{"start":{"line":124,"column":16},"end":{"line":124,"column":54}},"type":"binary-expr","locations":[{"start":{"line":124,"column":16},"end":{"line":124,"column":26}},{"start":{"line":124,"column":30},"end":{"line":124,"column":54}}],"line":124},"6":{"loc":{"start":{"line":130,"column":2},"end":{"line":140,"column":3}},"type":"if","locations":[{"start":{"line":130,"column":2},"end":{"line":140,"column":3}},{"start":{},"end":{}}],"line":130},"7":{"loc":{"start":{"line":131,"column":4},"end":{"line":139,"column":5}},"type":"if","locations":[{"start":{"line":131,"column":4},"end":{"line":139,"column":5}},{"start":{"line":136,"column":11},"end":{"line":139,"column":5}}],"line":131},"8":{"loc":{"start":{"line":143,"column":2},"end":{"line":151,"column":3}},"type":"if","locations":[{"start":{"line":143,"column":2},"end":{"line":151,"column":3}},{"start":{},"end":{}}],"line":143},"9":{"loc":{"start":{"line":144,"column":4},"end":{"line":150,"column":5}},"type":"if","locations":[{"start":{"line":144,"column":4},"end":{"line":150,"column":5}},{"start":{"line":148,"column":11},"end":{"line":150,"column":5}}],"line":144},"10":{"loc":{"start":{"line":166,"column":4},"end":{"line":178,"column":5}},"type":"if","locations":[{"start":{"line":166,"column":4},"end":{"line":178,"column":5}},{"start":{"line":170,"column":11},"end":{"line":178,"column":5}}],"line":166},"11":{"loc":{"start":{"line":172,"column":6},"end":{"line":176,"column":7}},"type":"if","locations":[{"start":{"line":172,"column":6},"end":{"line":176,"column":7}},{"start":{"line":174,"column":13},"end":{"line":176,"column":7}}],"line":172},"12":{"loc":{"start":{"line":174,"column":13},"end":{"line":176,"column":7}},"type":"if","locations":[{"start":{"line":174,"column":13},"end":{"line":176,"column":7}},{"start":{},"end":{}}],"line":174}},"s":{"0":1,"1":1,"2":1,"3":1,"4":1,"5":1,"6":1,"7":0,"8":0,"9":0,"10":0,"11":0,"12":1,"13":1,"14":1,"15":1,"16":1,"17":1,"18":1,"19":0,"20":0,"21":0,"22":0,"23":0,"24":1,"25":3,"26":3,"27":3,"28":3,"29":3,"30":3,"31":3,"32":3,"33":0,"34":0,"35":0,"36":0,"37":0,"38":0,"39":0,"40":0,"41":0,"42":0,"43":0,"44":0,"45":0,"46":0,"47":0,"48":0,"49":0,"50":0,"51":0,"52":0,"53":0,"54":0,"55":1},"f":{"0":3},"b":{"0":[1,0],"1":[0,0],"2":[1,0],"3":[1,0],"4":[0,0],"5":[3,0],"6":[3,0],"7":[3,0],"8":[0,0],"9":[0,0],"10":[0,0],"11":[0,0],"12":[0,0]},"_coverageSchema":"1a1c01bbd47fc00a2c39e90264f33305004495a9","hash":"c566f1af2ab7d21a924be566e7b6201c7ef49b82"}
,"/home/mahmoudkarsli/Apps/e3rbly-backend-updated/home/ubuntu/e3rbly-backend/src/routes/arabicAnalysisRoutes.js": {"path":"/home/mahmoudkarsli/Apps/e3rbly-backend-updated/home/ubuntu/e3rbly-backend/src/routes/arabicAnalysisRoutes.js","statementMap":{"0":{"start":{"line":1,"column":16},"end":{"line":1,"column":34}},"1":{"start":{"line":6,"column":4},"end":{"line":6,"column":54}},"2":{"start":{"line":7,"column":26},"end":{"line":7,"column":65}},"3":{"start":{"line":9,"column":15},"end":{"line":9,"column":31}},"4":{"start":{"line":12,"column":0},"end":{"line":12,"column":30}},"5":{"start":{"line":16,"column":0},"end":{"line":16,"column":43}},"6":{"start":{"line":17,"column":0},"end":{"line":17,"column":59}},"7":{"start":{"line":21,"column":0},"end":{"line":21,"column":48}},"8":{"start":{"line":23,"column":0},"end":{"line":23,"column":24}}},"fnMap":{},"branchMap":{},"s":{"0":1,"1":1,"2":1,"3":1,"4":1,"5":1,"6":1,"7":1,"8":1},"f":{},"b":{},"_coverageSchema":"1a1c01bbd47fc00a2c39e90264f33305004495a9","hash":"4515d6b07508a32bc47c544836d6ff2bcdd2bfc6"}
,"/home/mahmoudkarsli/Apps/e3rbly-backend-updated/home/ubuntu/e3rbly-backend/src/routes/exercisesRoutes.js": {"path":"/home/mahmoudkarsli/Apps/e3rbly-backend-updated/home/ubuntu/e3rbly-backend/src/routes/exercisesRoutes.js","statementMap":{"0":{"start":{"line":1,"column":16},"end":{"line":1,"column":34}},"1":{"start":{"line":5,"column":4},"end":{"line":5,"column":49}},"2":{"start":{"line":6,"column":26},"end":{"line":6,"column":65}},"3":{"start":{"line":8,"column":15},"end":{"line":8,"column":31}},"4":{"start":{"line":11,"column":0},"end":{"line":11,"column":30}},"5":{"start":{"line":15,"column":0},"end":{"line":15,"column":51}},"6":{"start":{"line":19,"column":0},"end":{"line":19,"column":43}},"7":{"start":{"line":21,"column":0},"end":{"line":21,"column":24}}},"fnMap":{},"branchMap":{},"s":{"0":1,"1":1,"2":1,"3":1,"4":1,"5":1,"6":1,"7":1},"f":{},"b":{},"_coverageSchema":"1a1c01bbd47fc00a2c39e90264f33305004495a9","hash":"7b6c146c182d9d1cd91c40143be07bacc81b8331"}
,"/home/mahmoudkarsli/Apps/e3rbly-backend-updated/home/ubuntu/e3rbly-backend/src/routes/quizRoutes.js": {"path":"/home/mahmoudkarsli/Apps/e3rbly-backend-updated/home/ubuntu/e3rbly-backend/src/routes/quizRoutes.js","statementMap":{"0":{"start":{"line":1,"column":16},"end":{"line":1,"column":34}},"1":{"start":{"line":5,"column":4},"end":{"line":5,"column":44}},"2":{"start":{"line":6,"column":26},"end":{"line":6,"column":65}},"3":{"start":{"line":8,"column":15},"end":{"line":8,"column":31}},"4":{"start":{"line":11,"column":0},"end":{"line":11,"column":30}},"5":{"start":{"line":15,"column":0},"end":{"line":15,"column":39}},"6":{"start":{"line":19,"column":0},"end":{"line":19,"column":41}},"7":{"start":{"line":21,"column":0},"end":{"line":21,"column":24}}},"fnMap":{},"branchMap":{},"s":{"0":1,"1":1,"2":1,"3":1,"4":1,"5":1,"6":1,"7":1},"f":{},"b":{},"_coverageSchema":"1a1c01bbd47fc00a2c39e90264f33305004495a9","hash":"daea6d740ae6becad6d795225100ea07d2f92f98"}
,"/home/mahmoudkarsli/Apps/e3rbly-backend-updated/home/ubuntu/e3rbly-backend/src/schemas/arabicAnalysisSchemas.js": {"path":"/home/mahmoudkarsli/Apps/e3rbly-backend-updated/home/ubuntu/e3rbly-backend/src/schemas/arabicAnalysisSchemas.js","statementMap":{"0":{"start":{"line":1,"column":14},"end":{"line":1,"column":28}},"1":{"start":{"line":7,"column":27},"end":{"line":12,"column":2}},"2":{"start":{"line":14,"column":27},"end":{"line":19,"column":2}},"3":{"start":{"line":21,"column":31},"end":{"line":23,"column":2}},"4":{"start":{"line":25,"column":28},"end":{"line":28,"column":20}},"5":{"start":{"line":31,"column":23},"end":{"line":36,"column":2}},"6":{"start":{"line":40,"column":28},"end":{"line":44,"column":2}},"7":{"start":{"line":48,"column":25},"end":{"line":52,"column":1}},"8":{"start":{"line":49,"column":2},"end":{"line":51,"column":4}},"9":{"start":{"line":55,"column":38},"end":{"line":70,"column":2}},"10":{"start":{"line":75,"column":42},"end":{"line":78,"column":2}},"11":{"start":{"line":81,"column":43},"end":{"line":83,"column":2}},"12":{"start":{"line":85,"column":32},"end":{"line":91,"column":2}},"13":{"start":{"line":87,"column":4},"end":{"line":88,"column":29}},"14":{"start":{"line":92,"column":0},"end":{"line":102,"column":2}}},"fnMap":{"0":{"name":"(anonymous_0)","decl":{"start":{"line":48,"column":32},"end":{"line":48,"column":33}},"loc":{"start":{"line":49,"column":2},"end":{"line":51,"column":4}},"line":49},"1":{"name":"(anonymous_1)","decl":{"start":{"line":86,"column":33},"end":{"line":86,"column":34}},"loc":{"start":{"line":87,"column":4},"end":{"line":88,"column":29}},"line":87}},"branchMap":{"0":{"loc":{"start":{"line":87,"column":4},"end":{"line":88,"column":29}},"type":"binary-expr","locations":[{"start":{"line":87,"column":4},"end":{"line":87,"column":36}},{"start":{"line":88,"column":4},"end":{"line":88,"column":29}}],"line":87}},"s":{"0":1,"1":1,"2":1,"3":1,"4":1,"5":1,"6":1,"7":1,"8":0,"9":1,"10":1,"11":1,"12":1,"13":0,"14":1},"f":{"0":0,"1":0},"b":{"0":[0,0]},"_coverageSchema":"1a1c01bbd47fc00a2c39e90264f33305004495a9","hash":"f35cd67ee7b7c0e838979fd307c865a55487b6b5"}
,"/home/mahmoudkarsli/Apps/e3rbly-backend-updated/home/ubuntu/e3rbly-backend/src/schemas/exerciseSchemas.js": {"path":"/home/mahmoudkarsli/Apps/e3rbly-backend-updated/home/ubuntu/e3rbly-backend/src/schemas/exerciseSchemas.js","statementMap":{"0":{"start":{"line":1,"column":14},"end":{"line":1,"column":28}},"1":{"start":{"line":5,"column":23},"end":{"line":15,"column":2}},"2":{"start":{"line":17,"column":45},"end":{"line":19,"column":2}},"3":{"start":{"line":23,"column":40},"end":{"line":29,"column":2}},"4":{"start":{"line":31,"column":0},"end":{"line":35,"column":2}}},"fnMap":{},"branchMap":{},"s":{"0":1,"1":1,"2":1,"3":1,"4":1},"f":{},"b":{},"_coverageSchema":"1a1c01bbd47fc00a2c39e90264f33305004495a9","hash":"f9a298e36fd6b40f917e75c9358e1c7b414f4f4b"}
,"/home/mahmoudkarsli/Apps/e3rbly-backend-updated/home/ubuntu/e3rbly-backend/src/schemas/quizSchemas.js": {"path":"/home/mahmoudkarsli/Apps/e3rbly-backend-updated/home/ubuntu/e3rbly-backend/src/schemas/quizSchemas.js","statementMap":{"0":{"start":{"line":1,"column":14},"end":{"line":1,"column":28}},"1":{"start":{"line":5,"column":27},"end":{"line":11,"column":2}},"2":{"start":{"line":13,"column":33},"end":{"line":15,"column":2}},"3":{"start":{"line":25,"column":38},"end":{"line":29,"column":2}},"4":{"start":{"line":32,"column":0},"end":{"line":36,"column":2}}},"fnMap":{},"branchMap":{},"s":{"0":1,"1":1,"2":1,"3":1,"4":1},"f":{},"b":{},"_coverageSchema":"1a1c01bbd47fc00a2c39e90264f33305004495a9","hash":"53a2e1061caab8b843d5f4f2d6e9aa47fee2356a"}
,"/home/mahmoudkarsli/Apps/e3rbly-backend-updated/home/ubuntu/e3rbly-backend/src/services/aiService.js": {"path":"/home/mahmoudkarsli/Apps/e3rbly-backend-updated/home/ubuntu/e3rbly-backend/src/services/aiService.js","statementMap":{"0":{"start":{"line":1,"column":31},"end":{"line":1,"column":63}},"1":{"start":{"line":2,"column":0},"end":{"line":2,"column":27}},"2":{"start":{"line":5,"column":14},"end":{"line":5,"column":70}},"3":{"start":{"line":9,"column":2},"end":{"line":9,"column":56}},"4":{"start":{"line":15,"column":16},"end":{"line":15,"column":54}},"5":{"start":{"line":16,"column":2},"end":{"line":22,"column":3}},"6":{"start":{"line":17,"column":19},"end":{"line":17,"column":54}},"7":{"start":{"line":18,"column":4},"end":{"line":18,"column":34}},"8":{"start":{"line":20,"column":4},"end":{"line":20,"column":38}},"9":{"start":{"line":21,"column":4},"end":{"line":21,"column":47}},"10":{"start":{"line":26,"column":2},"end":{"line":35,"column":3}},"11":{"start":{"line":27,"column":18},"end":{"line":27,"column":38}},"12":{"start":{"line":28,"column":19},"end":{"line":28,"column":54}},"13":{"start":{"line":29,"column":21},"end":{"line":29,"column":42}},"14":{"start":{"line":30,"column":17},"end":{"line":30,"column":32}},"15":{"start":{"line":31,"column":4},"end":{"line":31,"column":16}},"16":{"start":{"line":33,"column":4},"end":{"line":33,"column":72}},"17":{"start":{"line":34,"column":4},"end":{"line":34,"column":68}},"18":{"start":{"line":80,"column":2},"end":{"line":102,"column":3}},"19":{"start":{"line":81,"column":18},"end":{"line":81,"column":38}},"20":{"start":{"line":82,"column":19},"end":{"line":82,"column":54}},"21":{"start":{"line":83,"column":21},"end":{"line":83,"column":42}},"22":{"start":{"line":84,"column":17},"end":{"line":84,"column":32}},"23":{"start":{"line":87,"column":26},"end":{"line":90,"column":11}},"24":{"start":{"line":91,"column":4},"end":{"line":97,"column":5}},"25":{"start":{"line":92,"column":6},"end":{"line":92,"column":39}},"26":{"start":{"line":94,"column":6},"end":{"line":94,"column":64}},"27":{"start":{"line":95,"column":6},"end":{"line":95,"column":63}},"28":{"start":{"line":96,"column":6},"end":{"line":96,"column":52}},"29":{"start":{"line":100,"column":4},"end":{"line":100,"column":64}},"30":{"start":{"line":101,"column":4},"end":{"line":101,"column":16}},"31":{"start":{"line":105,"column":0},"end":{"line":110,"column":2}}},"fnMap":{"0":{"name":"getGenerativeModel","decl":{"start":{"line":8,"column":9},"end":{"line":8,"column":27}},"loc":{"start":{"line":8,"column":60},"end":{"line":10,"column":1}},"line":8},"1":{"name":"generateArabicExplanation","decl":{"start":{"line":14,"column":15},"end":{"line":14,"column":40}},"loc":{"start":{"line":14,"column":49},"end":{"line":23,"column":1}},"line":14},"2":{"name":"generateContent","decl":{"start":{"line":25,"column":15},"end":{"line":25,"column":30}},"loc":{"start":{"line":25,"column":39},"end":{"line":36,"column":1}},"line":25},"3":{"name":"generateStructuredContent","decl":{"start":{"line":79,"column":15},"end":{"line":79,"column":40}},"loc":{"start":{"line":79,"column":49},"end":{"line":103,"column":1}},"line":79}},"branchMap":{"0":{"loc":{"start":{"line":8,"column":28},"end":{"line":8,"column":58}},"type":"default-arg","locations":[{"start":{"line":8,"column":40},"end":{"line":8,"column":58}}],"line":8}},"s":{"0":1,"1":1,"2":1,"3":2,"4":0,"5":0,"6":0,"7":0,"8":0,"9":0,"10":0,"11":0,"12":0,"13":0,"14":0,"15":0,"16":0,"17":0,"18":2,"19":2,"20":2,"21":2,"22":2,"23":2,"24":2,"25":2,"26":0,"27":0,"28":0,"29":0,"30":0,"31":1},"f":{"0":2,"1":0,"2":0,"3":2},"b":{"0":[2]},"_coverageSchema":"1a1c01bbd47fc00a2c39e90264f33305004495a9","hash":"100fd8acdf2b357276d507a81bdbc20aa7803c50"}
,"/home/mahmoudkarsli/Apps/e3rbly-backend-updated/home/ubuntu/e3rbly-backend/src/utils/arabicValidator.js": {"path":"/home/mahmoudkarsli/Apps/e3rbly-backend-updated/home/ubuntu/e3rbly-backend/src/utils/arabicValidator.js","statementMap":{"0":{"start":{"line":4,"column":2},"end":{"line":6,"column":3}},"1":{"start":{"line":5,"column":4},"end":{"line":5,"column":17}},"2":{"start":{"line":9,"column":22},"end":{"line":9,"column":91}},"3":{"start":{"line":10,"column":2},"end":{"line":10,"column":32}},"4":{"start":{"line":13,"column":0},"end":{"line":15,"column":2}}},"fnMap":{"0":{"name":"isValidArabic","decl":{"start":{"line":3,"column":9},"end":{"line":3,"column":22}},"loc":{"start":{"line":3,"column":29},"end":{"line":11,"column":1}},"line":3}},"branchMap":{"0":{"loc":{"start":{"line":4,"column":2},"end":{"line":6,"column":3}},"type":"if","locations":[{"start":{"line":4,"column":2},"end":{"line":6,"column":3}},{"start":{},"end":{}}],"line":4},"1":{"loc":{"start":{"line":4,"column":6},"end":{"line":4,"column":58}},"type":"binary-expr","locations":[{"start":{"line":4,"column":6},"end":{"line":4,"column":30}},{"start":{"line":4,"column":34},"end":{"line":4,"column":58}}],"line":4}},"s":{"0":1,"1":1,"2":0,"3":0,"4":1},"f":{"0":1},"b":{"0":[1,0],"1":[1,0]},"_coverageSchema":"1a1c01bbd47fc00a2c39e90264f33305004495a9","hash":"c731318dd0b367bb99294c8d6b5c12e4908e5614"}
}
