TN:
SF:server.js
FN:35,(anonymous_0)
FN:50,(anonymous_1)
FN:59,(anonymous_2)
FN:63,(anonymous_3)
FN:76,(anonymous_4)
FNF:5
FNH:2
FNDA:1,(anonymous_0)
FNDA:0,(anonymous_1)
FNDA:0,(anonymous_2)
FNDA:0,(anonymous_3)
FNDA:1,(anonymous_4)
DA:1,1
DA:2,1
DA:3,1
DA:4,1
DA:7,1
DA:8,1
DA:9,1
DA:10,1
DA:13,1
DA:14,1
DA:15,1
DA:18,1
DA:21,1
DA:22,1
DA:23,1
DA:27,1
DA:29,1
DA:31,1
DA:35,1
DA:36,1
DA:37,1
DA:50,1
DA:51,0
DA:59,1
DA:60,0
DA:63,1
DA:64,0
DA:65,0
DA:73,1
DA:76,1
DA:77,1
DA:78,1
DA:79,1
DA:82,1
LF:34
LH:30
BRDA:8,0,0,1
BRDA:8,0,1,0
BRDA:9,1,0,1
BRDA:9,1,1,0
BRDA:10,2,0,1
BRDA:10,2,1,0
BRDA:36,3,0,1
BRDA:36,3,1,0
BRDA:52,4,0,0
BRDA:52,4,1,0
BRDA:68,5,0,0
BRDA:68,5,1,0
BRDA:73,6,0,1
BRDA:73,6,1,0
BRDA:78,7,0,1
BRDA:78,7,1,0
BRF:16
BRH:6
end_of_record
TN:
SF:src/controllers/arabicAnalysisController.js
FN:10,(anonymous_0)
FN:71,(anonymous_1)
FN:131,(anonymous_2)
FNF:3
FNH:1
FNDA:1,(anonymous_0)
FNDA:0,(anonymous_1)
FNDA:0,(anonymous_2)
DA:1,1
DA:2,1
DA:6,1
DA:10,1
DA:11,1
DA:13,1
DA:14,1
DA:17,0
DA:41,0
DA:42,0
DA:45,0
DA:47,0
DA:48,0
DA:52,0
DA:53,0
DA:60,0
DA:63,0
DA:64,0
DA:71,1
DA:72,0
DA:75,0
DA:76,0
DA:84,0
DA:97,0
DA:99,0
DA:102,0
DA:106,0
DA:107,0
DA:111,0
DA:112,0
DA:119,0
DA:122,0
DA:123,0
DA:131,1
DA:132,0
DA:134,0
DA:135,0
DA:138,0
DA:174,0
DA:175,0
DA:178,0
DA:179,0
DA:182,0
DA:185,0
DA:186,0
DA:192,1
LF:46
LH:10
BRDA:13,0,0,1
BRDA:13,0,1,0
BRDA:47,1,0,0
BRDA:47,1,1,0
BRDA:75,2,0,0
BRDA:75,2,1,0
BRDA:75,3,0,0
BRDA:75,3,1,0
BRDA:75,3,2,0
BRDA:106,4,0,0
BRDA:106,4,1,0
BRDA:134,5,0,0
BRDA:134,5,1,0
BRDA:178,6,0,0
BRDA:178,6,1,0
BRDA:178,7,0,0
BRDA:178,7,1,0
BRF:17
BRH:1
end_of_record
TN:
SF:src/controllers/exercisesController.js
FN:10,(anonymous_0)
FN:62,(anonymous_1)
FN:86,(anonymous_2)
FN:102,(anonymous_3)
FNF:4
FNH:2
FNDA:1,(anonymous_0)
FNDA:3,(anonymous_1)
FNDA:0,(anonymous_2)
FNDA:0,(anonymous_3)
DA:1,1
DA:2,1
DA:3,1
DA:7,1
DA:10,1
DA:11,1
DA:13,1
DA:14,0
DA:18,1
DA:19,0
DA:22,1
DA:54,1
DA:55,1
DA:59,1
DA:62,3
DA:68,1
DA:71,1
DA:73,1
DA:74,1
DA:78,1
DA:79,1
DA:86,0
DA:91,0
DA:94,0
DA:95,0
DA:102,1
DA:104,0
DA:106,0
DA:113,0
DA:119,0
DA:120,0
DA:123,0
DA:149,0
DA:150,0
DA:153,0
DA:155,0
DA:156,0
DA:160,0
DA:161,0
DA:168,0
DA:171,0
DA:172,0
DA:178,1
LF:43
LH:21
BRDA:13,0,0,0
BRDA:13,0,1,1
BRDA:13,1,0,1
BRDA:13,1,1,1
BRDA:13,1,2,1
BRDA:18,2,0,0
BRDA:18,2,1,1
BRDA:18,3,0,1
BRDA:18,3,1,1
BRDA:59,4,0,1
BRDA:59,4,1,0
BRDA:73,5,0,1
BRDA:73,5,1,0
BRDA:106,6,0,0
BRDA:106,6,1,0
BRDA:107,7,0,0
BRDA:107,7,1,0
BRDA:107,7,2,0
BRDA:107,7,3,0
BRDA:107,7,4,0
BRDA:119,8,0,0
BRDA:119,8,1,0
BRDA:119,9,0,0
BRDA:119,9,1,0
BRDA:155,10,0,0
BRDA:155,10,1,0
BRF:26
BRH:9
end_of_record
TN:
SF:src/controllers/quizController.js
FN:7,(anonymous_0)
FN:48,(anonymous_1)
FN:70,(anonymous_2)
FN:86,(anonymous_3)
FNF:4
FNH:3
FNDA:1,(anonymous_0)
FNDA:5,(anonymous_1)
FNDA:5,(anonymous_2)
FNDA:0,(anonymous_3)
DA:1,1
DA:2,1
DA:3,1
DA:7,1
DA:8,1
DA:10,1
DA:11,0
DA:15,1
DA:16,0
DA:19,1
DA:43,1
DA:44,1
DA:47,1
DA:48,5
DA:52,1
DA:55,1
DA:57,1
DA:58,0
DA:62,0
DA:63,0
DA:70,5
DA:75,1
DA:78,0
DA:79,0
DA:86,1
DA:87,0
DA:90,0
DA:91,0
DA:93,0
DA:94,0
DA:97,0
DA:98,0
DA:99,0
DA:101,0
DA:102,0
DA:109,0
DA:110,0
DA:116,1
LF:38
LH:19
BRDA:10,0,0,0
BRDA:10,0,1,1
BRDA:10,1,0,1
BRDA:10,1,1,1
BRDA:10,1,2,1
BRDA:15,2,0,0
BRDA:15,2,1,1
BRDA:15,3,0,1
BRDA:15,3,1,1
BRDA:47,4,0,1
BRDA:47,4,1,0
BRDA:57,5,0,0
BRDA:57,5,1,1
BRDA:90,6,0,0
BRDA:90,6,1,0
BRDA:90,7,0,0
BRDA:90,7,1,0
BRDA:90,7,2,0
BRDA:93,8,0,0
BRDA:93,8,1,0
BRDA:93,9,0,0
BRDA:93,9,1,0
BRDA:93,9,2,0
BRDA:93,9,3,0
BRDA:93,9,4,0
BRDA:93,9,5,0
BRDA:98,10,0,0
BRDA:98,10,1,0
BRDA:99,11,0,0
BRDA:99,11,1,0
BRF:30
BRH:9
end_of_record
TN:
SF:src/middleware/authMiddleware.js
FN:122,(anonymous_0)
FNF:1
FNH:1
FNDA:3,(anonymous_0)
DA:72,1
DA:73,1
DA:76,1
DA:79,1
DA:80,1
DA:84,1
DA:85,1
DA:87,0
DA:89,0
DA:90,0
DA:91,0
DA:92,0
DA:97,1
DA:98,1
DA:99,1
DA:100,1
DA:101,1
DA:104,1
DA:105,1
DA:107,0
DA:108,0
DA:111,0
DA:112,0
DA:113,0
DA:122,1
DA:123,3
DA:124,3
DA:127,3
DA:130,3
DA:131,3
DA:133,3
DA:134,3
DA:135,3
DA:138,0
DA:143,0
DA:144,0
DA:145,0
DA:146,0
DA:147,0
DA:149,0
DA:154,0
DA:155,0
DA:156,0
DA:160,0
DA:161,0
DA:163,0
DA:166,0
DA:167,0
DA:168,0
DA:169,0
DA:172,0
DA:173,0
DA:174,0
DA:175,0
DA:177,0
DA:182,1
LF:56
LH:24
BRDA:79,0,0,1
BRDA:79,0,1,0
BRDA:89,1,0,0
BRDA:89,1,1,0
BRDA:98,2,0,1
BRDA:98,2,1,0
BRDA:100,3,0,1
BRDA:100,3,1,0
BRDA:112,4,0,0
BRDA:112,4,1,0
BRDA:124,5,0,3
BRDA:124,5,1,0
BRDA:130,6,0,3
BRDA:130,6,1,0
BRDA:131,7,0,3
BRDA:131,7,1,0
BRDA:143,8,0,0
BRDA:143,8,1,0
BRDA:144,9,0,0
BRDA:144,9,1,0
BRDA:166,10,0,0
BRDA:166,10,1,0
BRDA:172,11,0,0
BRDA:172,11,1,0
BRDA:174,12,0,0
BRDA:174,12,1,0
BRF:26
BRH:6
end_of_record
TN:
SF:src/routes/arabicAnalysisRoutes.js
FNF:0
FNH:0
DA:1,1
DA:6,1
DA:7,1
DA:9,1
DA:12,1
DA:16,1
DA:17,1
DA:21,1
DA:23,1
LF:9
LH:9
BRF:0
BRH:0
end_of_record
TN:
SF:src/routes/exercisesRoutes.js
FNF:0
FNH:0
DA:1,1
DA:5,1
DA:6,1
DA:8,1
DA:11,1
DA:15,1
DA:19,1
DA:21,1
LF:8
LH:8
BRF:0
BRH:0
end_of_record
TN:
SF:src/routes/quizRoutes.js
FNF:0
FNH:0
DA:1,1
DA:5,1
DA:6,1
DA:8,1
DA:11,1
DA:15,1
DA:19,1
DA:21,1
LF:8
LH:8
BRF:0
BRH:0
end_of_record
TN:
SF:src/schemas/arabicAnalysisSchemas.js
FN:48,(anonymous_0)
FN:86,(anonymous_1)
FNF:2
FNH:0
FNDA:0,(anonymous_0)
FNDA:0,(anonymous_1)
DA:1,1
DA:7,1
DA:14,1
DA:21,1
DA:25,1
DA:31,1
DA:40,1
DA:48,1
DA:49,0
DA:55,1
DA:75,1
DA:81,1
DA:85,1
DA:87,0
DA:92,1
LF:15
LH:13
BRDA:87,0,0,0
BRDA:87,0,1,0
BRF:2
BRH:0
end_of_record
TN:
SF:src/schemas/exerciseSchemas.js
FNF:0
FNH:0
DA:1,1
DA:5,1
DA:17,1
DA:23,1
DA:31,1
LF:5
LH:5
BRF:0
BRH:0
end_of_record
TN:
SF:src/schemas/quizSchemas.js
FNF:0
FNH:0
DA:1,1
DA:5,1
DA:13,1
DA:25,1
DA:32,1
LF:5
LH:5
BRF:0
BRH:0
end_of_record
TN:
SF:src/services/aiService.js
FN:8,getGenerativeModel
FN:14,generateArabicExplanation
FN:25,generateContent
FN:79,generateStructuredContent
FNF:4
FNH:2
FNDA:2,getGenerativeModel
FNDA:0,generateArabicExplanation
FNDA:0,generateContent
FNDA:2,generateStructuredContent
DA:1,1
DA:2,1
DA:5,1
DA:9,2
DA:15,0
DA:16,0
DA:17,0
DA:18,0
DA:20,0
DA:21,0
DA:26,0
DA:27,0
DA:28,0
DA:29,0
DA:30,0
DA:31,0
DA:33,0
DA:34,0
DA:80,2
DA:81,2
DA:82,2
DA:83,2
DA:84,2
DA:87,2
DA:91,2
DA:92,2
DA:94,0
DA:95,0
DA:96,0
DA:100,0
DA:101,0
DA:105,1
LF:32
LH:13
BRDA:8,0,0,2
BRF:1
BRH:1
end_of_record
TN:
SF:src/utils/arabicValidator.js
FN:3,isValidArabic
FNF:1
FNH:1
FNDA:1,isValidArabic
DA:4,1
DA:5,1
DA:9,0
DA:10,0
DA:13,1
LF:5
LH:3
BRDA:4,0,0,1
BRDA:4,0,1,0
BRDA:4,1,0,1
BRDA:4,1,1,0
BRF:4
BRH:2
end_of_record
